{"/Users/kubouchikazuya/htdocs/MyReactApp/builder/sample1/src/component/ExampleBtn.js": {"path":"/Users/kubouchikazuya/htdocs/MyReactApp/builder/sample1/src/component/ExampleBtn.js","statementMap":{"0":{"start":{"line":5,"column":6},"end":{"line":11,"column":7}}},"fnMap":{"0":{"name":"(anonymous_0)","decl":{"start":{"line":4,"column":4},"end":{"line":4,"column":5}},"loc":{"start":{"line":4,"column":14},"end":{"line":12,"column":5}},"line":4}},"branchMap":{},"s":{"0":2},"f":{"0":2},"b":{},"_coverageSchema":"332fd63041d2c1bcb487cc26dd0d5f7d97098a6c","hash":"8aa38e891fc5e61d1a4305fe310ba531841579cd"}
}
